[2025-05-18 15:48:43] local.ERROR: Invalid route action: [App\Http\Controllers\Api\EventController]. {"exception":"[object] (UnexpectedValueException(code: 0): Invalid route action: [App\\Http\\Controllers\\Api\\EventController]. at /var/www/html/event-booking-api/vendor/laravel/framework/src/Illuminate/Routing/RouteAction.php:92)
[stacktrace]
#0 /var/www/html/event-booking-api/vendor/laravel/framework/src/Illuminate/Routing/RouteAction.php(47): Illuminate\\Routing\\RouteAction::makeInvokable()
#1 /var/www/html/event-booking-api/vendor/laravel/framework/src/Illuminate/Routing/Route.php(197): Illuminate\\Routing\\RouteAction::parse()
#2 /var/www/html/event-booking-api/vendor/laravel/framework/src/Illuminate/Routing/Route.php(178): Illuminate\\Routing\\Route->parseAction()
#3 /var/www/html/event-booking-api/vendor/laravel/framework/src/Illuminate/Routing/Router.php(671): Illuminate\\Routing\\Route->__construct()
#4 /var/www/html/event-booking-api/vendor/laravel/framework/src/Illuminate/Routing/Router.php(562): Illuminate\\Routing\\Router->newRoute()
#5 /var/www/html/event-booking-api/vendor/laravel/framework/src/Illuminate/Routing/Router.php(542): Illuminate\\Routing\\Router->createRoute()
#6 /var/www/html/event-booking-api/vendor/laravel/framework/src/Illuminate/Routing/Router.php(172): Illuminate\\Routing\\Router->addRoute()
#7 /var/www/html/event-booking-api/vendor/laravel/framework/src/Illuminate/Support/Facades/Facade.php(361): Illuminate\\Routing\\Router->post()
#8 /var/www/html/event-booking-api/routes/web.php(9): Illuminate\\Support\\Facades\\Facade::__callStatic()
#9 /var/www/html/event-booking-api/vendor/laravel/framework/src/Illuminate/Routing/RouteFileRegistrar.php(34): require('...')
#10 /var/www/html/event-booking-api/vendor/laravel/framework/src/Illuminate/Routing/Router.php(512): Illuminate\\Routing\\RouteFileRegistrar->register()
#11 /var/www/html/event-booking-api/vendor/laravel/framework/src/Illuminate/Routing/Router.php(466): Illuminate\\Routing\\Router->loadRoutes()
#12 /var/www/html/event-booking-api/vendor/laravel/framework/src/Illuminate/Routing/RouteRegistrar.php(206): Illuminate\\Routing\\Router->group()
#13 /var/www/html/event-booking-api/vendor/laravel/framework/src/Illuminate/Foundation/Configuration/ApplicationBuilder.php(248): Illuminate\\Routing\\RouteRegistrar->group()
#14 /var/www/html/event-booking-api/vendor/laravel/framework/src/Illuminate/Container/BoundMethod.php(36): Illuminate\\Foundation\\Configuration\\ApplicationBuilder->Illuminate\\Foundation\\Configuration\\{closure}()
#15 /var/www/html/event-booking-api/vendor/laravel/framework/src/Illuminate/Container/Util.php(43): Illuminate\\Container\\BoundMethod::Illuminate\\Container\\{closure}()
#16 /var/www/html/event-booking-api/vendor/laravel/framework/src/Illuminate/Container/BoundMethod.php(84): Illuminate\\Container\\Util::unwrapIfClosure()
#17 /var/www/html/event-booking-api/vendor/laravel/framework/src/Illuminate/Container/BoundMethod.php(35): Illuminate\\Container\\BoundMethod::callBoundMethod()
#18 /var/www/html/event-booking-api/vendor/laravel/framework/src/Illuminate/Container/Container.php(754): Illuminate\\Container\\BoundMethod::call()
#19 /var/www/html/event-booking-api/vendor/laravel/framework/src/Illuminate/Foundation/Support/Providers/RouteServiceProvider.php(162): Illuminate\\Container\\Container->call()
#20 /var/www/html/event-booking-api/vendor/laravel/framework/src/Illuminate/Foundation/Support/Providers/RouteServiceProvider.php(59): Illuminate\\Foundation\\Support\\Providers\\RouteServiceProvider->loadRoutes()
#21 /var/www/html/event-booking-api/vendor/laravel/framework/src/Illuminate/Container/BoundMethod.php(36): Illuminate\\Foundation\\Support\\Providers\\RouteServiceProvider->Illuminate\\Foundation\\Support\\Providers\\{closure}()
#22 /var/www/html/event-booking-api/vendor/laravel/framework/src/Illuminate/Container/Util.php(43): Illuminate\\Container\\BoundMethod::Illuminate\\Container\\{closure}()
#23 /var/www/html/event-booking-api/vendor/laravel/framework/src/Illuminate/Container/BoundMethod.php(84): Illuminate\\Container\\Util::unwrapIfClosure()
#24 /var/www/html/event-booking-api/vendor/laravel/framework/src/Illuminate/Container/BoundMethod.php(35): Illuminate\\Container\\BoundMethod::callBoundMethod()
#25 /var/www/html/event-booking-api/vendor/laravel/framework/src/Illuminate/Container/Container.php(754): Illuminate\\Container\\BoundMethod::call()
#26 /var/www/html/event-booking-api/vendor/laravel/framework/src/Illuminate/Support/ServiceProvider.php(143): Illuminate\\Container\\Container->call()
#27 /var/www/html/event-booking-api/vendor/laravel/framework/src/Illuminate/Foundation/Application.php(1153): Illuminate\\Support\\ServiceProvider->callBootedCallbacks()
#28 /var/www/html/event-booking-api/vendor/laravel/framework/src/Illuminate/Foundation/Application.php(1131): Illuminate\\Foundation\\Application->bootProvider()
#29 [internal function]: Illuminate\\Foundation\\Application->Illuminate\\Foundation\\{closure}()
#30 /var/www/html/event-booking-api/vendor/laravel/framework/src/Illuminate/Foundation/Application.php(1130): array_walk()
#31 /var/www/html/event-booking-api/vendor/laravel/framework/src/Illuminate/Foundation/Bootstrap/BootProviders.php(17): Illuminate\\Foundation\\Application->boot()
#32 /var/www/html/event-booking-api/vendor/laravel/framework/src/Illuminate/Foundation/Application.php(341): Illuminate\\Foundation\\Bootstrap\\BootProviders->bootstrap()
#33 /var/www/html/event-booking-api/vendor/laravel/framework/src/Illuminate/Foundation/Http/Kernel.php(186): Illuminate\\Foundation\\Application->bootstrapWith()
#34 /var/www/html/event-booking-api/vendor/laravel/framework/src/Illuminate/Foundation/Http/Kernel.php(170): Illuminate\\Foundation\\Http\\Kernel->bootstrap()
#35 /var/www/html/event-booking-api/vendor/laravel/framework/src/Illuminate/Foundation/Http/Kernel.php(144): Illuminate\\Foundation\\Http\\Kernel->sendRequestThroughRouter()
#36 /var/www/html/event-booking-api/vendor/laravel/framework/src/Illuminate/Foundation/Application.php(1219): Illuminate\\Foundation\\Http\\Kernel->handle()
#37 /var/www/html/event-booking-api/public/index.php(20): Illuminate\\Foundation\\Application->handleRequest()
#38 /var/www/html/event-booking-api/vendor/laravel/framework/src/Illuminate/Foundation/resources/server.php(23): require_once('...')
#39 {main}
"} 
[2025-05-18 15:50:06] local.ERROR: Invalid route action: [App\Http\Controllers\Api\EventController]. {"exception":"[object] (UnexpectedValueException(code: 0): Invalid route action: [App\\Http\\Controllers\\Api\\EventController]. at /var/www/html/event-booking-api/vendor/laravel/framework/src/Illuminate/Routing/RouteAction.php:92)
[stacktrace]
#0 /var/www/html/event-booking-api/vendor/laravel/framework/src/Illuminate/Routing/RouteAction.php(47): Illuminate\\Routing\\RouteAction::makeInvokable()
#1 /var/www/html/event-booking-api/vendor/laravel/framework/src/Illuminate/Routing/Route.php(197): Illuminate\\Routing\\RouteAction::parse()
#2 /var/www/html/event-booking-api/vendor/laravel/framework/src/Illuminate/Routing/Route.php(178): Illuminate\\Routing\\Route->parseAction()
#3 /var/www/html/event-booking-api/vendor/laravel/framework/src/Illuminate/Routing/Router.php(671): Illuminate\\Routing\\Route->__construct()
#4 /var/www/html/event-booking-api/vendor/laravel/framework/src/Illuminate/Routing/Router.php(562): Illuminate\\Routing\\Router->newRoute()
#5 /var/www/html/event-booking-api/vendor/laravel/framework/src/Illuminate/Routing/Router.php(542): Illuminate\\Routing\\Router->createRoute()
#6 /var/www/html/event-booking-api/vendor/laravel/framework/src/Illuminate/Routing/Router.php(172): Illuminate\\Routing\\Router->addRoute()
#7 /var/www/html/event-booking-api/vendor/laravel/framework/src/Illuminate/Support/Facades/Facade.php(361): Illuminate\\Routing\\Router->post()
#8 /var/www/html/event-booking-api/routes/web.php(9): Illuminate\\Support\\Facades\\Facade::__callStatic()
#9 /var/www/html/event-booking-api/vendor/laravel/framework/src/Illuminate/Routing/RouteFileRegistrar.php(34): require('...')
#10 /var/www/html/event-booking-api/vendor/laravel/framework/src/Illuminate/Routing/Router.php(512): Illuminate\\Routing\\RouteFileRegistrar->register()
#11 /var/www/html/event-booking-api/vendor/laravel/framework/src/Illuminate/Routing/Router.php(466): Illuminate\\Routing\\Router->loadRoutes()
#12 /var/www/html/event-booking-api/vendor/laravel/framework/src/Illuminate/Routing/RouteRegistrar.php(206): Illuminate\\Routing\\Router->group()
#13 /var/www/html/event-booking-api/vendor/laravel/framework/src/Illuminate/Foundation/Configuration/ApplicationBuilder.php(248): Illuminate\\Routing\\RouteRegistrar->group()
#14 /var/www/html/event-booking-api/vendor/laravel/framework/src/Illuminate/Container/BoundMethod.php(36): Illuminate\\Foundation\\Configuration\\ApplicationBuilder->Illuminate\\Foundation\\Configuration\\{closure}()
#15 /var/www/html/event-booking-api/vendor/laravel/framework/src/Illuminate/Container/Util.php(43): Illuminate\\Container\\BoundMethod::Illuminate\\Container\\{closure}()
#16 /var/www/html/event-booking-api/vendor/laravel/framework/src/Illuminate/Container/BoundMethod.php(84): Illuminate\\Container\\Util::unwrapIfClosure()
#17 /var/www/html/event-booking-api/vendor/laravel/framework/src/Illuminate/Container/BoundMethod.php(35): Illuminate\\Container\\BoundMethod::callBoundMethod()
#18 /var/www/html/event-booking-api/vendor/laravel/framework/src/Illuminate/Container/Container.php(754): Illuminate\\Container\\BoundMethod::call()
#19 /var/www/html/event-booking-api/vendor/laravel/framework/src/Illuminate/Foundation/Support/Providers/RouteServiceProvider.php(162): Illuminate\\Container\\Container->call()
#20 /var/www/html/event-booking-api/vendor/laravel/framework/src/Illuminate/Foundation/Support/Providers/RouteServiceProvider.php(59): Illuminate\\Foundation\\Support\\Providers\\RouteServiceProvider->loadRoutes()
#21 /var/www/html/event-booking-api/vendor/laravel/framework/src/Illuminate/Container/BoundMethod.php(36): Illuminate\\Foundation\\Support\\Providers\\RouteServiceProvider->Illuminate\\Foundation\\Support\\Providers\\{closure}()
#22 /var/www/html/event-booking-api/vendor/laravel/framework/src/Illuminate/Container/Util.php(43): Illuminate\\Container\\BoundMethod::Illuminate\\Container\\{closure}()
#23 /var/www/html/event-booking-api/vendor/laravel/framework/src/Illuminate/Container/BoundMethod.php(84): Illuminate\\Container\\Util::unwrapIfClosure()
#24 /var/www/html/event-booking-api/vendor/laravel/framework/src/Illuminate/Container/BoundMethod.php(35): Illuminate\\Container\\BoundMethod::callBoundMethod()
#25 /var/www/html/event-booking-api/vendor/laravel/framework/src/Illuminate/Container/Container.php(754): Illuminate\\Container\\BoundMethod::call()
#26 /var/www/html/event-booking-api/vendor/laravel/framework/src/Illuminate/Support/ServiceProvider.php(143): Illuminate\\Container\\Container->call()
#27 /var/www/html/event-booking-api/vendor/laravel/framework/src/Illuminate/Foundation/Application.php(1153): Illuminate\\Support\\ServiceProvider->callBootedCallbacks()
#28 /var/www/html/event-booking-api/vendor/laravel/framework/src/Illuminate/Foundation/Application.php(1131): Illuminate\\Foundation\\Application->bootProvider()
#29 [internal function]: Illuminate\\Foundation\\Application->Illuminate\\Foundation\\{closure}()
#30 /var/www/html/event-booking-api/vendor/laravel/framework/src/Illuminate/Foundation/Application.php(1130): array_walk()
#31 /var/www/html/event-booking-api/vendor/laravel/framework/src/Illuminate/Foundation/Bootstrap/BootProviders.php(17): Illuminate\\Foundation\\Application->boot()
#32 /var/www/html/event-booking-api/vendor/laravel/framework/src/Illuminate/Foundation/Application.php(341): Illuminate\\Foundation\\Bootstrap\\BootProviders->bootstrap()
#33 /var/www/html/event-booking-api/vendor/laravel/framework/src/Illuminate/Foundation/Console/Kernel.php(473): Illuminate\\Foundation\\Application->bootstrapWith()
#34 /var/www/html/event-booking-api/vendor/laravel/framework/src/Illuminate/Foundation/Console/Kernel.php(195): Illuminate\\Foundation\\Console\\Kernel->bootstrap()
#35 /var/www/html/event-booking-api/vendor/laravel/framework/src/Illuminate/Foundation/Application.php(1234): Illuminate\\Foundation\\Console\\Kernel->handle()
#36 /var/www/html/event-booking-api/artisan(16): Illuminate\\Foundation\\Application->handleCommand()
#37 {main}
"} 
[2025-05-18 15:50:49] local.ERROR: Invalid route action: [App\Http\Controllers\Api\EventController]. {"exception":"[object] (UnexpectedValueException(code: 0): Invalid route action: [App\\Http\\Controllers\\Api\\EventController]. at /var/www/html/event-booking-api/vendor/laravel/framework/src/Illuminate/Routing/RouteAction.php:92)
[stacktrace]
#0 /var/www/html/event-booking-api/vendor/laravel/framework/src/Illuminate/Routing/RouteAction.php(47): Illuminate\\Routing\\RouteAction::makeInvokable()
#1 /var/www/html/event-booking-api/vendor/laravel/framework/src/Illuminate/Routing/Route.php(197): Illuminate\\Routing\\RouteAction::parse()
#2 /var/www/html/event-booking-api/vendor/laravel/framework/src/Illuminate/Routing/Route.php(178): Illuminate\\Routing\\Route->parseAction()
#3 /var/www/html/event-booking-api/vendor/laravel/framework/src/Illuminate/Routing/Router.php(671): Illuminate\\Routing\\Route->__construct()
#4 /var/www/html/event-booking-api/vendor/laravel/framework/src/Illuminate/Routing/Router.php(562): Illuminate\\Routing\\Router->newRoute()
#5 /var/www/html/event-booking-api/vendor/laravel/framework/src/Illuminate/Routing/Router.php(542): Illuminate\\Routing\\Router->createRoute()
#6 /var/www/html/event-booking-api/vendor/laravel/framework/src/Illuminate/Routing/Router.php(172): Illuminate\\Routing\\Router->addRoute()
#7 /var/www/html/event-booking-api/vendor/laravel/framework/src/Illuminate/Support/Facades/Facade.php(361): Illuminate\\Routing\\Router->post()
#8 /var/www/html/event-booking-api/routes/web.php(9): Illuminate\\Support\\Facades\\Facade::__callStatic()
#9 /var/www/html/event-booking-api/vendor/laravel/framework/src/Illuminate/Routing/RouteFileRegistrar.php(34): require('...')
#10 /var/www/html/event-booking-api/vendor/laravel/framework/src/Illuminate/Routing/Router.php(512): Illuminate\\Routing\\RouteFileRegistrar->register()
#11 /var/www/html/event-booking-api/vendor/laravel/framework/src/Illuminate/Routing/Router.php(466): Illuminate\\Routing\\Router->loadRoutes()
#12 /var/www/html/event-booking-api/vendor/laravel/framework/src/Illuminate/Routing/RouteRegistrar.php(206): Illuminate\\Routing\\Router->group()
#13 /var/www/html/event-booking-api/vendor/laravel/framework/src/Illuminate/Foundation/Configuration/ApplicationBuilder.php(248): Illuminate\\Routing\\RouteRegistrar->group()
#14 /var/www/html/event-booking-api/vendor/laravel/framework/src/Illuminate/Container/BoundMethod.php(36): Illuminate\\Foundation\\Configuration\\ApplicationBuilder->Illuminate\\Foundation\\Configuration\\{closure}()
#15 /var/www/html/event-booking-api/vendor/laravel/framework/src/Illuminate/Container/Util.php(43): Illuminate\\Container\\BoundMethod::Illuminate\\Container\\{closure}()
#16 /var/www/html/event-booking-api/vendor/laravel/framework/src/Illuminate/Container/BoundMethod.php(84): Illuminate\\Container\\Util::unwrapIfClosure()
#17 /var/www/html/event-booking-api/vendor/laravel/framework/src/Illuminate/Container/BoundMethod.php(35): Illuminate\\Container\\BoundMethod::callBoundMethod()
#18 /var/www/html/event-booking-api/vendor/laravel/framework/src/Illuminate/Container/Container.php(754): Illuminate\\Container\\BoundMethod::call()
#19 /var/www/html/event-booking-api/vendor/laravel/framework/src/Illuminate/Foundation/Support/Providers/RouteServiceProvider.php(162): Illuminate\\Container\\Container->call()
#20 /var/www/html/event-booking-api/vendor/laravel/framework/src/Illuminate/Foundation/Support/Providers/RouteServiceProvider.php(59): Illuminate\\Foundation\\Support\\Providers\\RouteServiceProvider->loadRoutes()
#21 /var/www/html/event-booking-api/vendor/laravel/framework/src/Illuminate/Container/BoundMethod.php(36): Illuminate\\Foundation\\Support\\Providers\\RouteServiceProvider->Illuminate\\Foundation\\Support\\Providers\\{closure}()
#22 /var/www/html/event-booking-api/vendor/laravel/framework/src/Illuminate/Container/Util.php(43): Illuminate\\Container\\BoundMethod::Illuminate\\Container\\{closure}()
#23 /var/www/html/event-booking-api/vendor/laravel/framework/src/Illuminate/Container/BoundMethod.php(84): Illuminate\\Container\\Util::unwrapIfClosure()
#24 /var/www/html/event-booking-api/vendor/laravel/framework/src/Illuminate/Container/BoundMethod.php(35): Illuminate\\Container\\BoundMethod::callBoundMethod()
#25 /var/www/html/event-booking-api/vendor/laravel/framework/src/Illuminate/Container/Container.php(754): Illuminate\\Container\\BoundMethod::call()
#26 /var/www/html/event-booking-api/vendor/laravel/framework/src/Illuminate/Support/ServiceProvider.php(143): Illuminate\\Container\\Container->call()
#27 /var/www/html/event-booking-api/vendor/laravel/framework/src/Illuminate/Foundation/Application.php(1153): Illuminate\\Support\\ServiceProvider->callBootedCallbacks()
#28 /var/www/html/event-booking-api/vendor/laravel/framework/src/Illuminate/Foundation/Application.php(1131): Illuminate\\Foundation\\Application->bootProvider()
#29 [internal function]: Illuminate\\Foundation\\Application->Illuminate\\Foundation\\{closure}()
#30 /var/www/html/event-booking-api/vendor/laravel/framework/src/Illuminate/Foundation/Application.php(1130): array_walk()
#31 /var/www/html/event-booking-api/vendor/laravel/framework/src/Illuminate/Foundation/Bootstrap/BootProviders.php(17): Illuminate\\Foundation\\Application->boot()
#32 /var/www/html/event-booking-api/vendor/laravel/framework/src/Illuminate/Foundation/Application.php(341): Illuminate\\Foundation\\Bootstrap\\BootProviders->bootstrap()
#33 /var/www/html/event-booking-api/vendor/laravel/framework/src/Illuminate/Foundation/Console/Kernel.php(473): Illuminate\\Foundation\\Application->bootstrapWith()
#34 /var/www/html/event-booking-api/vendor/laravel/framework/src/Illuminate/Foundation/Console/Kernel.php(195): Illuminate\\Foundation\\Console\\Kernel->bootstrap()
#35 /var/www/html/event-booking-api/vendor/laravel/framework/src/Illuminate/Foundation/Application.php(1234): Illuminate\\Foundation\\Console\\Kernel->handle()
#36 /var/www/html/event-booking-api/artisan(16): Illuminate\\Foundation\\Application->handleCommand()
#37 {main}
"} 
